<?!= data.xml_declaration + data.whitespace_handling_use_tags ?>
<Root xmlns:aid="http://ns.adobe.com/AdobeInDesign/4.0/" xmlns:aid5="http://ns.adobe.com/AdobeInDesign/5.0/" templateSpec="singlepage.indt">
<Story_Main>
<chapter_header>Simple Test Document</chapter_header>
<para_1>This Agreement is a test document.</para_1>
<?!= include("inc_signature", data, data.company[0]) ?>
</Story_Main>
</Root>
