<?!= data.xml_declaration ?>
<Root xmlns:aid="http://ns.adobe.com/AdobeInDesign/4.0/" xmlns:aid5="http://ns.adobe.com/AdobeInDesign/5.0/" templateSpec="singlepage.indt">
<Story_Main>
<chapter_header>Simple Test Document</chapter_header>
<para_1>This Agreement is a test document.</para_1>
<numbered_1_para>This is a numbered 1 paragraph.</numbered_1_para>
<numbered_2_para>This is a numbered 2 paragraph.</numbered_2_para>
<numbered_2_para xname="lol1">This is a numbered 2 paragraph with a crossreference target painted on it.</numbered_2_para>
<numbered_2_para>This is another numbered 2 paragraph.</numbered_2_para>
<a_left_sidehead>This is an A Left Sidehead.</a_left_sidehead>
<numbered_2_para>This is a numbered 2 paragraph.</numbered_2_para>
<numbered_2_para xname="lol2">This is a numbered 2 paragraph with a second crossreference target painted on it.</numbered_2_para>
<b_left_sidehead>This is a B Left Sidehead.</b_left_sidehead>
<numbered_2_para>This is a numbered 2 paragraph.</numbered_2_para>
<para_1>This is a plain paragraph with a crossreference source in it, which goes to the first target <xref to="lol1" format="Paragraph Number" /> showing the paragraph number.</para_1>
<numbered_2_para>This is the last numbered 2 paragraph.</numbered_2_para>
<?!= include("inc_signature", data, data.company[0]) ?>
</Story_Main>
</Root>
